15:37:50: Creating resource group General
15:37:50: Creating resource group Internal
15:37:50: Creating resource group Autodetect
15:37:50: Registering ResourceManager for type Mesh
15:37:50: Registering ResourceManager for type Material
15:37:50: Registering ResourceManager for type Skeleton
15:37:50: XMLMeshSerializer reading mesh data from /home/staff/akasper/Programmierung/OVISE/trunk/PdVRack/SVSLinks.mesh.xml...
15:37:50: Reading submeshes...
15:37:50: Reading geometry...
15:37:50: Geometry done...
15:37:50: Submeshes done.
15:37:50: XMLMeshSerializer import successful.
15:37:50: Reorganising vertex buffers to automatic layout..
15:37:50: MeshSerializer writing mesh data to /home/staff/akasper/Programmierung/OVISE/trunk/PdVRack/SVSLinks.mesh...
15:37:50: File header written.
15:37:50: Writing mesh data...
15:37:50: Writing submesh...
15:37:50: Exporting submesh texture aliases...
15:37:50: Submesh texture aliases exported.
15:37:50: Submesh exported.
15:37:50: Exporting bounds information....
15:37:50: Bounds information exported.
15:37:50: Exporting submesh name table...
15:37:50: Submesh name table exported.
15:37:50: Exporting edge lists...
15:37:50: Edge lists exported
15:37:50: Mesh data exported.
15:37:50: MeshSerializer export successful.
15:37:50: Unregistering ResourceManager for type Skeleton
15:37:50: Unregistering ResourceManager for type Material
15:37:50: Unregistering ResourceManager for type Mesh
